[90m2024-01-05 14:59:39[39m [32minfo[39m: Setting up Aliveticker for SampleService
[90m2024-01-05 14:59:39[39m [32minfo[39m: Alive Ticker for "SampleService" will publish an alive tick every 10 seconds. Using 3-fail-policy.
[90m2024-01-05 14:59:39[39m [32minfo[39m: Service "SampleService" initialized.
[90m2024-01-05 15:01:10[39m [32minfo[39m: Setting up Aliveticker for SampleService
[90m2024-01-05 15:01:10[39m [32minfo[39m: Alive Ticker for "SampleService" will publish an alive tick every 10 seconds. Using 3-fail-policy.
[90m2024-01-05 15:01:10[39m [32minfo[39m: Initializing service "SampleService"...
[90m2024-01-05 15:01:10[39m [32minfo[39m: Service "SampleService" initialized.
[90m2024-01-05 15:11:47[39m [32minfo[39m: Connecting to MQTT server via "mqtt://localhost:1883"...
[90m2024-01-05 15:11:47[39m [32minfo[39m: Waiting 1200000 millis for connection...
[90m2024-01-05 15:11:47[39m [32minfo[39m: Connected to MQTT server!
[90m2024-01-05 15:11:47[39m [32minfo[39m: Setting up Aliveticker for SampleService
[90m2024-01-05 15:11:47[39m [32minfo[39m: Alive Ticker for "SampleService" will publish an alive tick every 10 seconds. Using 3-fail-policy.
[90m2024-01-05 15:11:47[39m [32minfo[39m: Initializing service "SampleService"...
[90m2024-01-05 15:11:47[39m [32minfo[39m: Service "SampleService" initialized.
[90m2024-01-05 15:12:50[39m [31merror[39m: Connection loss No. 1
[90m2024-01-05 15:12:50[39m [33mwarn[39m: Reconnecting to MQTT...
[90m2024-01-05 15:12:50[39m [31merror[39m: Connection to MQTT server lost!
[90m2024-01-05 15:13:01[39m [31merror[39m: Error publishing: Error: Client not available for 3 seconds.
[90m2024-01-05 15:13:01[39m [31merror[39m: Error sending alive tick (1 times): Error: Error publishing: Error: Client not available for 3 seconds.
[90m2024-01-05 15:13:09[39m [33mwarn[39m: Reestablished connection to MQTT server after 19 second(s).
